{"C:\\Users\\ADMIN\\Documents\\Devops\\my-devops-demo\\index.js": {"path":"C:\\Users\\ADMIN\\Documents\\Devops\\my-devops-demo\\index.js","statementMap":{"0":{"start":{"line":2,"column":21},"end":{"line":2,"column":34}},"1":{"start":{"line":3,"column":0},"end":{"line":3,"column":25}},"2":{"start":{"line":5,"column":0},"end":{"line":7,"column":1}},"3":{"start":{"line":6,"column":2},"end":{"line":6,"column":37}}},"fnMap":{"0":{"name":"sum","decl":{"start":{"line":2,"column":9},"end":{"line":2,"column":12}},"loc":{"start":{"line":2,"column":19},"end":{"line":2,"column":36}},"line":2}},"branchMap":{"0":{"loc":{"start":{"line":5,"column":0},"end":{"line":7,"column":1}},"type":"if","locations":[{"start":{"line":5,"column":0},"end":{"line":7,"column":1}},{"start":{},"end":{}}],"line":5}},"s":{"0":1,"1":1,"2":1,"3":0},"f":{"0":1},"b":{"0":[0,1]},"_coverageSchema":"1a1c01bbd47fc00a2c39e90264f33305004495a9","hash":"fb8a990a99dff218fbb18f3b151b4b5ab6a70896"}
}
